<?xml version="1.0" encoding="UTF-8"?>
<testsuite xmlns:xsi="http://www.w3.org/2001/XMLSchema-instance" xsi:noNamespaceSchemaLocation="https://maven.apache.org/surefire/maven-surefire-plugin/xsd/surefire-test-report-3.0.xsd" version="3.0" name="io.flexio.docker.DockerResourceTest" time="0.02" tests="1" errors="0" skipped="1" failures="0">
  <properties>
    <property name="sun.desktop" value="gnome"/>
    <property name="awt.toolkit" value="sun.awt.X11.XToolkit"/>
    <property name="file.encoding.pkg" value="sun.io"/>
    <property name="java.specification.version" value="1.8"/>
    <property name="sun.cpu.isalist" value=""/>
    <property name="sun.jnu.encoding" value="UTF-8"/>
    <property name="java.class.path" value="/home/nel/workspaces/backend/flexio-commons/flexio-docker-client/target/test-classes:/home/nel/workspaces/backend/flexio-commons/flexio-docker-client/target/classes:/home/nel/.m2/repository/com/fasterxml/jackson/core/jackson-core/2.8.5/jackson-core-2.8.5.jar:/home/nel/.m2/repository/com/fasterxml/jackson/core/jackson-databind/2.8.5/jackson-databind-2.8.5.jar:/home/nel/.m2/repository/com/fasterxml/jackson/core/jackson-annotations/2.8.5/jackson-annotations-2.8.5.jar:/home/nel/.m2/repository/org/codingmatters/rest/cdm-rest-client-api/0.0.1-SNAPSHOT/cdm-rest-client-api-0.0.1-SNAPSHOT.jar:/home/nel/.m2/repository/org/codingmatters/rest/cdm-rest-io/0.0.1-SNAPSHOT/cdm-rest-io-0.0.1-SNAPSHOT.jar:/home/nel/.m2/repository/org/codingmatters/rest/cdm-rest-client-okhttp/0.0.1-SNAPSHOT/cdm-rest-client-okhttp-0.0.1-SNAPSHOT.jar:/home/nel/.m2/repository/com/squareup/okhttp3/okhttp/3.10.0/okhttp-3.10.0.jar:/home/nel/.m2/repository/com/squareup/okio/okio/1.14.0/okio-1.14.0.jar:/home/nel/.m2/repository/org/codingmatters/rest/cdm-rest-tests-support/0.0.1-SNAPSHOT/cdm-rest-tests-support-0.0.1-SNAPSHOT.jar:/home/nel/.m2/repository/io/undertow/undertow-core/2.0.9.Final/undertow-core-2.0.9.Final.jar:/home/nel/.m2/repository/org/jboss/logging/jboss-logging/3.3.0.Final/jboss-logging-3.3.0.Final.jar:/home/nel/.m2/repository/org/jboss/xnio/xnio-api/3.3.8.Final/xnio-api-3.3.8.Final.jar:/home/nel/.m2/repository/org/jboss/xnio/xnio-nio/3.3.8.Final/xnio-nio-3.3.8.Final.jar:/home/nel/.m2/repository/org/codingmatters/rest/cdm-rest-api/0.0.1-SNAPSHOT/cdm-rest-api-0.0.1-SNAPSHOT.jar:/home/nel/.m2/repository/junit/junit/4.12/junit-4.12.jar:/home/nel/.m2/repository/org/hamcrest/hamcrest-core/1.3/hamcrest-core-1.3.jar:/home/nel/.m2/repository/org/slf4j/slf4j-api/1.7.25/slf4j-api-1.7.25.jar:/home/nel/.m2/repository/ch/qos/logback/logback-core/1.2.3/logback-core-1.2.3.jar:/home/nel/.m2/repository/ch/qos/logback/logback-classic/1.2.3/logback-classic-1.2.3.jar:/home/nel/.m2/repository/org/hamcrest/hamcrest-all/1.3/hamcrest-all-1.3.jar:"/>
    <property name="java.vm.vendor" value="Oracle Corporation"/>
    <property name="sun.arch.data.model" value="64"/>
    <property name="java.vendor.url" value="http://java.oracle.com/"/>
    <property name="user.timezone" value=""/>
    <property name="java.vm.specification.version" value="1.8"/>
    <property name="os.name" value="Linux"/>
    <property name="user.country" value="FR"/>
    <property name="sun.java.launcher" value="SUN_STANDARD"/>
    <property name="sun.boot.library.path" value="/usr/lib/jvm/java-8-openjdk-amd64/jre/lib/amd64"/>
    <property name="sun.java.command" value="/home/nel/workspaces/backend/flexio-commons/flexio-docker-client/target/surefire/surefirebooter7739309994223315136.jar /home/nel/workspaces/backend/flexio-commons/flexio-docker-client/target/surefire 2019-02-21T08-43-16_795-jvmRun1 surefire2380687078383945600tmp surefire_05852759891022865700tmp"/>
    <property name="surefire.test.class.path" value="/home/nel/workspaces/backend/flexio-commons/flexio-docker-client/target/test-classes:/home/nel/workspaces/backend/flexio-commons/flexio-docker-client/target/classes:/home/nel/.m2/repository/com/fasterxml/jackson/core/jackson-core/2.8.5/jackson-core-2.8.5.jar:/home/nel/.m2/repository/com/fasterxml/jackson/core/jackson-databind/2.8.5/jackson-databind-2.8.5.jar:/home/nel/.m2/repository/com/fasterxml/jackson/core/jackson-annotations/2.8.5/jackson-annotations-2.8.5.jar:/home/nel/.m2/repository/org/codingmatters/rest/cdm-rest-client-api/0.0.1-SNAPSHOT/cdm-rest-client-api-0.0.1-SNAPSHOT.jar:/home/nel/.m2/repository/org/codingmatters/rest/cdm-rest-io/0.0.1-SNAPSHOT/cdm-rest-io-0.0.1-SNAPSHOT.jar:/home/nel/.m2/repository/org/codingmatters/rest/cdm-rest-client-okhttp/0.0.1-SNAPSHOT/cdm-rest-client-okhttp-0.0.1-SNAPSHOT.jar:/home/nel/.m2/repository/com/squareup/okhttp3/okhttp/3.10.0/okhttp-3.10.0.jar:/home/nel/.m2/repository/com/squareup/okio/okio/1.14.0/okio-1.14.0.jar:/home/nel/.m2/repository/org/codingmatters/rest/cdm-rest-tests-support/0.0.1-SNAPSHOT/cdm-rest-tests-support-0.0.1-SNAPSHOT.jar:/home/nel/.m2/repository/io/undertow/undertow-core/2.0.9.Final/undertow-core-2.0.9.Final.jar:/home/nel/.m2/repository/org/jboss/logging/jboss-logging/3.3.0.Final/jboss-logging-3.3.0.Final.jar:/home/nel/.m2/repository/org/jboss/xnio/xnio-api/3.3.8.Final/xnio-api-3.3.8.Final.jar:/home/nel/.m2/repository/org/jboss/xnio/xnio-nio/3.3.8.Final/xnio-nio-3.3.8.Final.jar:/home/nel/.m2/repository/org/codingmatters/rest/cdm-rest-api/0.0.1-SNAPSHOT/cdm-rest-api-0.0.1-SNAPSHOT.jar:/home/nel/.m2/repository/junit/junit/4.12/junit-4.12.jar:/home/nel/.m2/repository/org/hamcrest/hamcrest-core/1.3/hamcrest-core-1.3.jar:/home/nel/.m2/repository/org/slf4j/slf4j-api/1.7.25/slf4j-api-1.7.25.jar:/home/nel/.m2/repository/ch/qos/logback/logback-core/1.2.3/logback-core-1.2.3.jar:/home/nel/.m2/repository/ch/qos/logback/logback-classic/1.2.3/logback-classic-1.2.3.jar:/home/nel/.m2/repository/org/hamcrest/hamcrest-all/1.3/hamcrest-all-1.3.jar:"/>
    <property name="sun.cpu.endian" value="little"/>
    <property name="user.home" value="/home/nel"/>
    <property name="user.language" value="fr"/>
    <property name="java.specification.vendor" value="Oracle Corporation"/>
    <property name="java.home" value="/usr/lib/jvm/java-8-openjdk-amd64/jre"/>
    <property name="basedir" value="/home/nel/workspaces/backend/flexio-commons/flexio-docker-client"/>
    <property name="file.separator" value="/"/>
    <property name="line.separator" value="&#10;"/>
    <property name="java.vm.specification.vendor" value="Oracle Corporation"/>
    <property name="java.specification.name" value="Java Platform API Specification"/>
    <property name="java.awt.graphicsenv" value="sun.awt.X11GraphicsEnvironment"/>
    <property name="surefire.real.class.path" value="/home/nel/workspaces/backend/flexio-commons/flexio-docker-client/target/surefire/surefirebooter7739309994223315136.jar"/>
    <property name="sun.boot.class.path" value="/usr/lib/jvm/java-8-openjdk-amd64/jre/lib/resources.jar:/usr/lib/jvm/java-8-openjdk-amd64/jre/lib/rt.jar:/usr/lib/jvm/java-8-openjdk-amd64/jre/lib/sunrsasign.jar:/usr/lib/jvm/java-8-openjdk-amd64/jre/lib/jsse.jar:/usr/lib/jvm/java-8-openjdk-amd64/jre/lib/jce.jar:/usr/lib/jvm/java-8-openjdk-amd64/jre/lib/charsets.jar:/usr/lib/jvm/java-8-openjdk-amd64/jre/lib/jfr.jar:/usr/lib/jvm/java-8-openjdk-amd64/jre/classes"/>
    <property name="sun.management.compiler" value="HotSpot 64-Bit Tiered Compilers"/>
    <property name="java.runtime.version" value="1.8.0_191-8u191-b12-2ubuntu0.18.10.1-b12"/>
    <property name="user.name" value="nel"/>
    <property name="path.separator" value=":"/>
    <property name="os.version" value="4.18.0-15-generic"/>
    <property name="java.endorsed.dirs" value="/usr/lib/jvm/java-8-openjdk-amd64/jre/lib/endorsed"/>
    <property name="java.runtime.name" value="OpenJDK Runtime Environment"/>
    <property name="file.encoding" value="UTF-8"/>
    <property name="java.vm.name" value="OpenJDK 64-Bit Server VM"/>
    <property name="localRepository" value="/home/nel/.m2/repository"/>
    <property name="java.vendor.url.bug" value="http://bugreport.sun.com/bugreport/"/>
    <property name="java.io.tmpdir" value="/tmp"/>
    <property name="java.version" value="1.8.0_191"/>
    <property name="user.dir" value="/home/nel/workspaces/backend/flexio-commons/flexio-docker-client"/>
    <property name="os.arch" value="amd64"/>
    <property name="java.vm.specification.name" value="Java Virtual Machine Specification"/>
    <property name="java.awt.printerjob" value="sun.print.PSPrinterJob"/>
    <property name="sun.os.patch.level" value="unknown"/>
    <property name="java.library.path" value="/usr/java/packages/lib/amd64:/usr/lib/x86_64-linux-gnu/jni:/lib/x86_64-linux-gnu:/usr/lib/x86_64-linux-gnu:/usr/lib/jni:/lib:/usr/lib"/>
    <property name="java.vm.info" value="mixed mode"/>
    <property name="java.vendor" value="Oracle Corporation"/>
    <property name="java.vm.version" value="25.191-b12"/>
    <property name="java.ext.dirs" value="/usr/lib/jvm/java-8-openjdk-amd64/jre/lib/ext:/usr/java/packages/lib/ext"/>
    <property name="sun.io.unicode.encoding" value="UnicodeLittle"/>
    <property name="java.class.version" value="52.0"/>
  </properties>
  <testcase name="io.flexio.docker.DockerResourceTest" classname="io.flexio.docker.DockerResourceTest" time="0">
    <skipped/>
  </testcase>
</testsuite>