<?xml version="1.0" encoding="UTF-8"?>
<testsuite xmlns:xsi="http://www.w3.org/2001/XMLSchema-instance" xsi:noNamespaceSchemaLocation="https://maven.apache.org/surefire/maven-surefire-plugin/xsd/surefire-test-report-3.0.xsd" version="3.0" name="io.flexio.io.mongo.gen.MongoMapperGeneratorTest" time="1.69" tests="17" errors="0" skipped="0" failures="0">
  <properties>
    <property name="sun.desktop" value="gnome"/>
    <property name="awt.toolkit" value="sun.awt.X11.XToolkit"/>
    <property name="file.encoding.pkg" value="sun.io"/>
    <property name="java.specification.version" value="1.8"/>
    <property name="sun.cpu.isalist" value=""/>
    <property name="sun.jnu.encoding" value="UTF-8"/>
    <property name="java.class.path" value="/home/nel/workspaces/backend/flexio-commons/flexio-mongo-io/flexio-mongo-io-generation/target/test-classes:/home/nel/workspaces/backend/flexio-commons/flexio-mongo-io/flexio-mongo-io-generation/target/classes:/home/nel/.m2/repository/org/codingmatters/value/objects/cdm-value-objects-spec/1.1.0/cdm-value-objects-spec-1.1.0.jar:/home/nel/.m2/repository/com/fasterxml/jackson/core/jackson-databind/2.8.5/jackson-databind-2.8.5.jar:/home/nel/.m2/repository/com/fasterxml/jackson/core/jackson-annotations/2.8.5/jackson-annotations-2.8.5.jar:/home/nel/.m2/repository/com/fasterxml/jackson/core/jackson-core/2.8.5/jackson-core-2.8.5.jar:/home/nel/.m2/repository/com/fasterxml/jackson/dataformat/jackson-dataformat-yaml/2.8.5/jackson-dataformat-yaml-2.8.5.jar:/home/nel/.m2/repository/org/yaml/snakeyaml/1.17/snakeyaml-1.17.jar:/home/nel/.m2/repository/com/squareup/javapoet/1.7.0/javapoet-1.7.0.jar:/home/nel/.m2/repository/org/codingmatters/value/objects/cdm-value-objects-generation-commons/1.1.0/cdm-value-objects-generation-commons-1.1.0.jar:/home/nel/.m2/repository/org/raml/raml-parser-2/1.0.8/raml-parser-2-1.0.8.jar:/home/nel/.m2/repository/org/raml/yagi/1.0.8/yagi-1.0.8.jar:/home/nel/.m2/repository/commons-io/commons-io/2.4/commons-io-2.4.jar:/home/nel/.m2/repository/commons-lang/commons-lang/2.6/commons-lang-2.6.jar:/home/nel/.m2/repository/com/google/code/findbugs/annotations/3.0.0/annotations-3.0.0.jar:/home/nel/.m2/repository/joda-time/joda-time/2.3/joda-time-2.3.jar:/home/nel/.m2/repository/com/google/guava/guava/18.0/guava-18.0.jar:/home/nel/.m2/repository/com/fasterxml/jackson/module/jackson-module-jsonSchema/2.8.5/jackson-module-jsonSchema-2.8.5.jar:/home/nel/.m2/repository/javax/validation/validation-api/1.1.0.Final/validation-api-1.1.0.Final.jar:/home/nel/.m2/repository/com/github/fge/json-schema-validator/2.2.6/json-schema-validator-2.2.6.jar:/home/nel/.m2/repository/com/google/code/findbugs/jsr305/3.0.0/jsr305-3.0.0.jar:/home/nel/.m2/repository/com/googlecode/libphonenumber/libphonenumber/6.2/libphonenumber-6.2.jar:/home/nel/.m2/repository/com/github/fge/json-schema-core/1.2.5/json-schema-core-1.2.5.jar:/home/nel/.m2/repository/com/github/fge/uri-template/0.9/uri-template-0.9.jar:/home/nel/.m2/repository/com/github/fge/msg-simple/1.1/msg-simple-1.1.jar:/home/nel/.m2/repository/com/github/fge/btf/1.2/btf-1.2.jar:/home/nel/.m2/repository/com/github/fge/jackson-coreutils/1.8/jackson-coreutils-1.8.jar:/home/nel/.m2/repository/org/mozilla/rhino/1.7R4/rhino-1.7R4.jar:/home/nel/.m2/repository/javax/mail/mailapi/1.4.3/mailapi-1.4.3.jar:/home/nel/.m2/repository/javax/activation/activation/1.1/activation-1.1.jar:/home/nel/.m2/repository/net/sf/jopt-simple/jopt-simple/4.6/jopt-simple-4.6.jar:/home/nel/.m2/repository/com/googlecode/juniversalchardet/juniversalchardet/1.0.3/juniversalchardet-1.0.3.jar:/home/nel/.m2/repository/org/apache/ws/xmlschema/xmlschema-core/2.2.1/xmlschema-core-2.2.1.jar:/home/nel/.m2/repository/org/mongodb/bson/3.8.2/bson-3.8.2.jar:/home/nel/.m2/repository/org/codingmatters/tests/codingmatters-reflect-unit/1.3.0/codingmatters-reflect-unit-1.3.0.jar:/home/nel/.m2/repository/org/codingmatters/value/objects/cdm-value-objects-generation/1.1.0/cdm-value-objects-generation-1.1.0.jar:/home/nel/.m2/repository/org/mongodb/mongodb-driver/3.8.2/mongodb-driver-3.8.2.jar:/home/nel/.m2/repository/org/mongodb/mongodb-driver-core/3.8.2/mongodb-driver-core-3.8.2.jar:/home/nel/workspaces/backend/flexio-commons/flexio-mongo-tests/target/flexio-mongo-tests-1.2.0-SNAPSHOT.jar:/home/nel/workspaces/backend/flexio-commons/flexio-docker-client/target/flexio-docker-client-1.2.0-SNAPSHOT.jar:/home/nel/.m2/repository/org/codingmatters/rest/cdm-rest-client-api/1.4.0/cdm-rest-client-api-1.4.0.jar:/home/nel/.m2/repository/org/codingmatters/rest/cdm-rest-io/1.4.0/cdm-rest-io-1.4.0.jar:/home/nel/.m2/repository/org/codingmatters/rest/cdm-rest-client-okhttp/1.4.0/cdm-rest-client-okhttp-1.4.0.jar:/home/nel/.m2/repository/com/squareup/okhttp3/okhttp/3.10.0/okhttp-3.10.0.jar:/home/nel/.m2/repository/com/squareup/okio/okio/1.14.0/okio-1.14.0.jar:/home/nel/.m2/repository/org/codingmatters/rest/cdm-rest-tests-support/1.4.0/cdm-rest-tests-support-1.4.0.jar:/home/nel/.m2/repository/io/undertow/undertow-core/2.0.9.Final/undertow-core-2.0.9.Final.jar:/home/nel/.m2/repository/org/jboss/logging/jboss-logging/3.3.0.Final/jboss-logging-3.3.0.Final.jar:/home/nel/.m2/repository/org/jboss/xnio/xnio-api/3.3.8.Final/xnio-api-3.3.8.Final.jar:/home/nel/.m2/repository/org/jboss/xnio/xnio-nio/3.3.8.Final/xnio-nio-3.3.8.Final.jar:/home/nel/.m2/repository/org/codingmatters/rest/cdm-rest-api/1.4.0/cdm-rest-api-1.4.0.jar:/home/nel/.m2/repository/org/slf4j/slf4j-api/1.7.25/slf4j-api-1.7.25.jar:/home/nel/.m2/repository/ch/qos/logback/logback-core/1.2.3/logback-core-1.2.3.jar:/home/nel/.m2/repository/ch/qos/logback/logback-classic/1.2.3/logback-classic-1.2.3.jar:/home/nel/.m2/repository/junit/junit/4.12/junit-4.12.jar:/home/nel/.m2/repository/org/hamcrest/hamcrest-core/1.3/hamcrest-core-1.3.jar:/home/nel/.m2/repository/org/hamcrest/hamcrest-all/1.3/hamcrest-all-1.3.jar:"/>
    <property name="java.vm.vendor" value="Oracle Corporation"/>
    <property name="sun.arch.data.model" value="64"/>
    <property name="java.vendor.url" value="http://java.oracle.com/"/>
    <property name="user.timezone" value=""/>
    <property name="java.vm.specification.version" value="1.8"/>
    <property name="os.name" value="Linux"/>
    <property name="user.country" value="FR"/>
    <property name="sun.java.launcher" value="SUN_STANDARD"/>
    <property name="sun.boot.library.path" value="/usr/lib/jvm/java-8-openjdk-amd64/jre/lib/amd64"/>
    <property name="sun.java.command" value="/home/nel/workspaces/backend/flexio-commons/flexio-mongo-io/flexio-mongo-io-generation/target/surefire/surefirebooter3953906428702731487.jar /home/nel/workspaces/backend/flexio-commons/flexio-mongo-io/flexio-mongo-io-generation/target/surefire 2019-03-08T07-13-55_773-jvmRun1 surefire6108065182088071086tmp surefire_36168952577178044836tmp"/>
    <property name="surefire.test.class.path" value="/home/nel/workspaces/backend/flexio-commons/flexio-mongo-io/flexio-mongo-io-generation/target/test-classes:/home/nel/workspaces/backend/flexio-commons/flexio-mongo-io/flexio-mongo-io-generation/target/classes:/home/nel/.m2/repository/org/codingmatters/value/objects/cdm-value-objects-spec/1.1.0/cdm-value-objects-spec-1.1.0.jar:/home/nel/.m2/repository/com/fasterxml/jackson/core/jackson-databind/2.8.5/jackson-databind-2.8.5.jar:/home/nel/.m2/repository/com/fasterxml/jackson/core/jackson-annotations/2.8.5/jackson-annotations-2.8.5.jar:/home/nel/.m2/repository/com/fasterxml/jackson/core/jackson-core/2.8.5/jackson-core-2.8.5.jar:/home/nel/.m2/repository/com/fasterxml/jackson/dataformat/jackson-dataformat-yaml/2.8.5/jackson-dataformat-yaml-2.8.5.jar:/home/nel/.m2/repository/org/yaml/snakeyaml/1.17/snakeyaml-1.17.jar:/home/nel/.m2/repository/com/squareup/javapoet/1.7.0/javapoet-1.7.0.jar:/home/nel/.m2/repository/org/codingmatters/value/objects/cdm-value-objects-generation-commons/1.1.0/cdm-value-objects-generation-commons-1.1.0.jar:/home/nel/.m2/repository/org/raml/raml-parser-2/1.0.8/raml-parser-2-1.0.8.jar:/home/nel/.m2/repository/org/raml/yagi/1.0.8/yagi-1.0.8.jar:/home/nel/.m2/repository/commons-io/commons-io/2.4/commons-io-2.4.jar:/home/nel/.m2/repository/commons-lang/commons-lang/2.6/commons-lang-2.6.jar:/home/nel/.m2/repository/com/google/code/findbugs/annotations/3.0.0/annotations-3.0.0.jar:/home/nel/.m2/repository/joda-time/joda-time/2.3/joda-time-2.3.jar:/home/nel/.m2/repository/com/google/guava/guava/18.0/guava-18.0.jar:/home/nel/.m2/repository/com/fasterxml/jackson/module/jackson-module-jsonSchema/2.8.5/jackson-module-jsonSchema-2.8.5.jar:/home/nel/.m2/repository/javax/validation/validation-api/1.1.0.Final/validation-api-1.1.0.Final.jar:/home/nel/.m2/repository/com/github/fge/json-schema-validator/2.2.6/json-schema-validator-2.2.6.jar:/home/nel/.m2/repository/com/google/code/findbugs/jsr305/3.0.0/jsr305-3.0.0.jar:/home/nel/.m2/repository/com/googlecode/libphonenumber/libphonenumber/6.2/libphonenumber-6.2.jar:/home/nel/.m2/repository/com/github/fge/json-schema-core/1.2.5/json-schema-core-1.2.5.jar:/home/nel/.m2/repository/com/github/fge/uri-template/0.9/uri-template-0.9.jar:/home/nel/.m2/repository/com/github/fge/msg-simple/1.1/msg-simple-1.1.jar:/home/nel/.m2/repository/com/github/fge/btf/1.2/btf-1.2.jar:/home/nel/.m2/repository/com/github/fge/jackson-coreutils/1.8/jackson-coreutils-1.8.jar:/home/nel/.m2/repository/org/mozilla/rhino/1.7R4/rhino-1.7R4.jar:/home/nel/.m2/repository/javax/mail/mailapi/1.4.3/mailapi-1.4.3.jar:/home/nel/.m2/repository/javax/activation/activation/1.1/activation-1.1.jar:/home/nel/.m2/repository/net/sf/jopt-simple/jopt-simple/4.6/jopt-simple-4.6.jar:/home/nel/.m2/repository/com/googlecode/juniversalchardet/juniversalchardet/1.0.3/juniversalchardet-1.0.3.jar:/home/nel/.m2/repository/org/apache/ws/xmlschema/xmlschema-core/2.2.1/xmlschema-core-2.2.1.jar:/home/nel/.m2/repository/org/mongodb/bson/3.8.2/bson-3.8.2.jar:/home/nel/.m2/repository/org/codingmatters/tests/codingmatters-reflect-unit/1.3.0/codingmatters-reflect-unit-1.3.0.jar:/home/nel/.m2/repository/org/codingmatters/value/objects/cdm-value-objects-generation/1.1.0/cdm-value-objects-generation-1.1.0.jar:/home/nel/.m2/repository/org/mongodb/mongodb-driver/3.8.2/mongodb-driver-3.8.2.jar:/home/nel/.m2/repository/org/mongodb/mongodb-driver-core/3.8.2/mongodb-driver-core-3.8.2.jar:/home/nel/workspaces/backend/flexio-commons/flexio-mongo-tests/target/flexio-mongo-tests-1.2.0-SNAPSHOT.jar:/home/nel/workspaces/backend/flexio-commons/flexio-docker-client/target/flexio-docker-client-1.2.0-SNAPSHOT.jar:/home/nel/.m2/repository/org/codingmatters/rest/cdm-rest-client-api/1.4.0/cdm-rest-client-api-1.4.0.jar:/home/nel/.m2/repository/org/codingmatters/rest/cdm-rest-io/1.4.0/cdm-rest-io-1.4.0.jar:/home/nel/.m2/repository/org/codingmatters/rest/cdm-rest-client-okhttp/1.4.0/cdm-rest-client-okhttp-1.4.0.jar:/home/nel/.m2/repository/com/squareup/okhttp3/okhttp/3.10.0/okhttp-3.10.0.jar:/home/nel/.m2/repository/com/squareup/okio/okio/1.14.0/okio-1.14.0.jar:/home/nel/.m2/repository/org/codingmatters/rest/cdm-rest-tests-support/1.4.0/cdm-rest-tests-support-1.4.0.jar:/home/nel/.m2/repository/io/undertow/undertow-core/2.0.9.Final/undertow-core-2.0.9.Final.jar:/home/nel/.m2/repository/org/jboss/logging/jboss-logging/3.3.0.Final/jboss-logging-3.3.0.Final.jar:/home/nel/.m2/repository/org/jboss/xnio/xnio-api/3.3.8.Final/xnio-api-3.3.8.Final.jar:/home/nel/.m2/repository/org/jboss/xnio/xnio-nio/3.3.8.Final/xnio-nio-3.3.8.Final.jar:/home/nel/.m2/repository/org/codingmatters/rest/cdm-rest-api/1.4.0/cdm-rest-api-1.4.0.jar:/home/nel/.m2/repository/org/slf4j/slf4j-api/1.7.25/slf4j-api-1.7.25.jar:/home/nel/.m2/repository/ch/qos/logback/logback-core/1.2.3/logback-core-1.2.3.jar:/home/nel/.m2/repository/ch/qos/logback/logback-classic/1.2.3/logback-classic-1.2.3.jar:/home/nel/.m2/repository/junit/junit/4.12/junit-4.12.jar:/home/nel/.m2/repository/org/hamcrest/hamcrest-core/1.3/hamcrest-core-1.3.jar:/home/nel/.m2/repository/org/hamcrest/hamcrest-all/1.3/hamcrest-all-1.3.jar:"/>
    <property name="sun.cpu.endian" value="little"/>
    <property name="user.home" value="/home/nel"/>
    <property name="user.language" value="fr"/>
    <property name="java.specification.vendor" value="Oracle Corporation"/>
    <property name="java.home" value="/usr/lib/jvm/java-8-openjdk-amd64/jre"/>
    <property name="basedir" value="/home/nel/workspaces/backend/flexio-commons/flexio-mongo-io/flexio-mongo-io-generation"/>
    <property name="file.separator" value="/"/>
    <property name="line.separator" value="&#10;"/>
    <property name="java.vm.specification.vendor" value="Oracle Corporation"/>
    <property name="java.specification.name" value="Java Platform API Specification"/>
    <property name="java.awt.graphicsenv" value="sun.awt.X11GraphicsEnvironment"/>
    <property name="surefire.real.class.path" value="/home/nel/workspaces/backend/flexio-commons/flexio-mongo-io/flexio-mongo-io-generation/target/surefire/surefirebooter3953906428702731487.jar"/>
    <property name="sun.boot.class.path" value="/usr/lib/jvm/java-8-openjdk-amd64/jre/lib/resources.jar:/usr/lib/jvm/java-8-openjdk-amd64/jre/lib/rt.jar:/usr/lib/jvm/java-8-openjdk-amd64/jre/lib/sunrsasign.jar:/usr/lib/jvm/java-8-openjdk-amd64/jre/lib/jsse.jar:/usr/lib/jvm/java-8-openjdk-amd64/jre/lib/jce.jar:/usr/lib/jvm/java-8-openjdk-amd64/jre/lib/charsets.jar:/usr/lib/jvm/java-8-openjdk-amd64/jre/lib/jfr.jar:/usr/lib/jvm/java-8-openjdk-amd64/jre/classes"/>
    <property name="sun.management.compiler" value="HotSpot 64-Bit Tiered Compilers"/>
    <property name="java.runtime.version" value="1.8.0_191-8u191-b12-2ubuntu0.18.10.1-b12"/>
    <property name="user.name" value="nel"/>
    <property name="path.separator" value=":"/>
    <property name="os.version" value="4.18.0-15-generic"/>
    <property name="java.endorsed.dirs" value="/usr/lib/jvm/java-8-openjdk-amd64/jre/lib/endorsed"/>
    <property name="java.runtime.name" value="OpenJDK Runtime Environment"/>
    <property name="file.encoding" value="UTF-8"/>
    <property name="java.vm.name" value="OpenJDK 64-Bit Server VM"/>
    <property name="localRepository" value="/home/nel/.m2/repository"/>
    <property name="java.vendor.url.bug" value="http://bugreport.sun.com/bugreport/"/>
    <property name="java.io.tmpdir" value="/tmp"/>
    <property name="java.version" value="1.8.0_191"/>
    <property name="user.dir" value="/home/nel/workspaces/backend/flexio-commons/flexio-mongo-io/flexio-mongo-io-generation"/>
    <property name="os.arch" value="amd64"/>
    <property name="java.vm.specification.name" value="Java Virtual Machine Specification"/>
    <property name="java.awt.printerjob" value="sun.print.PSPrinterJob"/>
    <property name="sun.os.patch.level" value="unknown"/>
    <property name="java.library.path" value="/usr/java/packages/lib/amd64:/usr/lib/x86_64-linux-gnu/jni:/lib/x86_64-linux-gnu:/usr/lib/x86_64-linux-gnu:/usr/lib/jni:/lib:/usr/lib"/>
    <property name="java.vm.info" value="mixed mode"/>
    <property name="java.vendor" value="Oracle Corporation"/>
    <property name="java.vm.version" value="25.191-b12"/>
    <property name="java.ext.dirs" value="/usr/lib/jvm/java-8-openjdk-amd64/jre/lib/ext:/usr/java/packages/lib/ext"/>
    <property name="sun.io.unicode.encoding" value="UnicodeLittle"/>
    <property name="java.class.version" value="52.0"/>
  </properties>
  <testcase name="enumProperty" classname="io.flexio.io.mongo.gen.MongoMapperGeneratorTest" time="0.608"/>
  <testcase name="embeddedListProperty" classname="io.flexio.io.mongo.gen.MongoMapperGeneratorTest" time="0.211"/>
  <testcase name="stringArrayProperty_whenDocumentPropertyIsSingle" classname="io.flexio.io.mongo.gen.MongoMapperGeneratorTest" time="0.098"/>
  <testcase name="objectIdProperty" classname="io.flexio.io.mongo.gen.MongoMapperGeneratorTest" time="0.088"/>
  <testcase name="dateListProperty" classname="io.flexio.io.mongo.gen.MongoMapperGeneratorTest" time="0.106"/>
  <testcase name="enumArrayProperty" classname="io.flexio.io.mongo.gen.MongoMapperGeneratorTest" time="0.076"/>
  <testcase name="mapperSignature" classname="io.flexio.io.mongo.gen.MongoMapperGeneratorTest" time="0.042"/>
  <testcase name="objectIdListProperty" classname="io.flexio.io.mongo.gen.MongoMapperGeneratorTest" time="0.065"/>
  <testcase name="noProperty" classname="io.flexio.io.mongo.gen.MongoMapperGeneratorTest" time="0.026"/>
  <testcase name="automaticCastingOfSimpleTypes" classname="io.flexio.io.mongo.gen.MongoMapperGeneratorTest" time="0.029"/>
  <testcase name="embeddedProperty" classname="io.flexio.io.mongo.gen.MongoMapperGeneratorTest" time="0.048"/>
  <testcase name="stringArrayProperty" classname="io.flexio.io.mongo.gen.MongoMapperGeneratorTest" time="0.053"/>
  <testcase name="fieldWithTransientHitIsIgnored" classname="io.flexio.io.mongo.gen.MongoMapperGeneratorTest" time="0.03"/>
  <testcase name="dateProperty" classname="io.flexio.io.mongo.gen.MongoMapperGeneratorTest" time="0.034"/>
  <testcase name="stringProperty" classname="io.flexio.io.mongo.gen.MongoMapperGeneratorTest" time="0.029"/>
  <testcase name="inSpecValueObjectProperty" classname="io.flexio.io.mongo.gen.MongoMapperGeneratorTest" time="0.046"/>
  <testcase name="mongoFieldHint" classname="io.flexio.io.mongo.gen.MongoMapperGeneratorTest" time="0.037"/>
</testsuite>